<?xml version="1.0" encoding="UTF-8"?>
<!-- Generated by org.testng.reporters.JUnitReportReporter -->
<testsuite skipped="0" hostname="DESKTOP-S5NJFC7" name="cts.miniproject.test.DdWordpressLogin1" tests="3" failures="0" timestamp="2020-03-30T19:01:59 LINT" time="65.271" errors="0">
  <testcase name="loginToWordpress" time="25.296" classname="cts.miniproject.test.DdWordpressLogin1"/>
  <system-out/>
  <testcase name="loginToWordpress" time="18.748" classname="cts.miniproject.test.DdWordpressLogin1"/>
  <system-out/>
  <testcase name="loginToWordpress" time="21.227" classname="cts.miniproject.test.DdWordpressLogin1"/>
  <system-out/>
</testsuite> <!-- cts.miniproject.test.DdWordpressLogin1 -->
